TN:
SF:/workspaces/BimaGrid/contracts/contracts/core/EscrowVault.sol
FN:19,onlyAuthorized
FN:24,setAuthorizedCaller
FN:29,depositPremium
FN:39,payout
FN:54,refundPremium
FNF:5
FNH:4
FNDA:1,onlyAuthorized
FNDA:5,setAuthorizedCaller
FNDA:5,depositPremium
FNDA:1,payout
FNDA:0,refundPremium
DA:20,1
DA:21,1
DA:25,5
DA:26,5
DA:30,5
DA:31,5
DA:32,5
DA:40,1
DA:41,1
DA:42,1
DA:44,1
DA:45,1
DA:47,1
DA:55,0
DA:56,0
DA:57,0
DA:59,0
DA:60,0
DA:62,0
LF:19
LH:13
BRDA:20,1,0,1
BRDA:20,1,1,0
BRDA:20,2,0,0
BRDA:20,2,1,1
BRDA:24,3,0,5
BRDA:24,3,1,0
BRDA:30,4,0,5
BRDA:30,4,1,0
BRDA:39,5,0,1
BRDA:39,5,1,0
BRDA:39,6,0,1
BRDA:39,6,1,0
BRDA:40,7,0,1
BRDA:40,7,1,0
BRDA:41,8,0,1
BRDA:41,8,1,0
BRDA:42,9,0,1
BRDA:42,9,1,0
BRDA:45,10,0,1
BRDA:45,10,1,0
BRDA:54,11,0,0
BRDA:54,11,1,0
BRDA:54,12,0,0
BRDA:54,12,1,0
BRDA:55,13,0,0
BRDA:55,13,1,0
BRDA:56,14,0,0
BRDA:56,14,1,0
BRDA:57,15,0,0
BRDA:57,15,1,0
BRDA:60,16,0,0
BRDA:60,16,1,0
BRF:32
BRH:10
end_of_record
TN:
SF:/workspaces/BimaGrid/contracts/contracts/core/KilimaShieldOracle.sol
FN:37,constructor
FN:44,setAuthorizedOracle
FN:61,registerPolicy
FN:76,submitData
FN:124,evaluatePolicies
FN:150,getMedian
FNF:6
FNH:6
FNDA:5,constructor
FNDA:15,setAuthorizedOracle
FNDA:5,registerPolicy
FNDA:8,submitData
FNDA:2,evaluatePolicies
FNDA:4,getMedian
DA:38,5
DA:39,5
DA:40,5
DA:41,5
DA:45,15
DA:46,15
DA:47,15
DA:49,0
DA:51,15
DA:52,15
DA:63,5
DA:65,5
DA:68,5
DA:71,5
DA:73,5
DA:84,8
DA:87,8
DA:88,8
DA:89,8
DA:91,8
DA:92,7
DA:95,7
DA:100,7
DA:102,7
DA:105,7
DA:106,2
DA:107,2
DA:108,2
DA:109,2
DA:111,2
DA:112,2
DA:113,2
DA:115,2
DA:116,2
DA:118,2
DA:120,2
DA:125,2
DA:126,2
DA:127,2
DA:128,2
DA:138,2
DA:140,1
DA:143,1
DA:145,1
DA:151,4
DA:152,2
DA:154,2
DA:156,0
LF:48
LH:46
BRDA:38,1,0,5
BRDA:38,1,1,0
BRDA:39,2,0,5
BRDA:39,2,1,0
BRDA:44,3,0,15
BRDA:44,3,1,0
BRDA:45,4,0,15
BRDA:45,4,1,0
BRDA:46,5,0,15
BRDA:46,5,1,0
BRDA:48,6,0,0
BRDA:48,6,1,0
BRDA:61,7,0,5
BRDA:61,7,1,0
BRDA:63,8,0,5
BRDA:63,8,1,0
BRDA:65,9,0,5
BRDA:65,9,1,0
BRDA:84,10,0,8
BRDA:84,10,1,0
BRDA:91,11,0,7
BRDA:91,11,1,1
BRDA:92,12,0,7
BRDA:92,12,1,0
BRDA:105,13,0,2
BRDA:105,13,1,5
BRDA:138,14,0,1
BRDA:138,14,1,1
BRDA:151,15,0,2
BRDA:151,15,1,2
BRDA:151,16,0,2
BRDA:151,16,1,0
BRDA:153,17,0,2
BRDA:153,17,1,0
BRDA:153,18,0,0
BRDA:153,18,1,2
BRF:36
BRH:21
end_of_record
TN:
SF:/workspaces/BimaGrid/contracts/contracts/core/MitigationVerifier.sol
FN:16,constructor
FN:23,setMitigationDiscount
FN:29,verifyMitigation
FN:34,getPolicyMitigations
FN:38,calculateDiscount
FNF:5
FNH:1
FNDA:5,constructor
FNDA:0,setMitigationDiscount
FNDA:0,verifyMitigation
FNDA:0,getPolicyMitigations
FNDA:0,calculateDiscount
DA:18,5
DA:19,5
DA:20,5
DA:24,0
DA:25,0
DA:26,0
DA:30,0
DA:31,0
DA:35,0
DA:39,0
DA:40,0
DA:41,0
DA:42,0
DA:44,0
DA:45,0
DA:47,0
LF:16
LH:3
BRDA:23,1,0,0
BRDA:23,1,1,0
BRDA:24,2,0,0
BRDA:24,2,1,0
BRDA:29,3,0,0
BRDA:29,3,1,0
BRDA:44,4,0,0
BRDA:44,4,1,0
BRF:8
BRH:0
end_of_record
TN:
SF:/workspaces/BimaGrid/contracts/contracts/core/PolicyRegistry.sol
FN:31,onlyAuthorized
FN:36,setAuthorizedCaller
FN:47,registerPolicy
FN:67,deactivatePolicy
FN:73,markPaidOut
FN:84,getPolicy
FN:97,getPoliciesByH3
FNF:7
FNH:6
FNDA:6,onlyAuthorized
FNDA:5,setAuthorizedCaller
FNDA:5,registerPolicy
FNDA:0,deactivatePolicy
FNDA:1,markPaidOut
FNDA:2,getPolicy
FNDA:2,getPoliciesByH3
DA:32,6
DA:33,6
DA:37,5
DA:38,5
DA:48,5
DA:49,5
DA:50,5
DA:52,5
DA:62,5
DA:64,5
DA:68,0
DA:69,0
DA:70,0
DA:74,1
DA:75,1
DA:76,1
DA:78,1
DA:79,1
DA:81,1
DA:93,2
DA:94,2
DA:98,2
LF:22
LH:19
BRDA:32,1,0,6
BRDA:32,1,1,0
BRDA:32,2,0,0
BRDA:32,2,1,6
BRDA:36,3,0,5
BRDA:36,3,1,0
BRDA:47,4,0,5
BRDA:47,4,1,0
BRDA:48,5,0,5
BRDA:48,5,1,0
BRDA:49,6,0,5
BRDA:49,6,1,0
BRDA:50,7,0,5
BRDA:50,7,1,0
BRDA:67,8,0,0
BRDA:67,8,1,0
BRDA:68,9,0,0
BRDA:68,9,1,0
BRDA:73,10,0,1
BRDA:73,10,1,0
BRDA:74,11,0,1
BRDA:74,11,1,0
BRDA:75,12,0,1
BRDA:75,12,1,0
BRDA:76,13,0,1
BRDA:76,13,1,0
BRF:26
BRH:11
end_of_record
TN:
SF:/workspaces/BimaGrid/contracts/contracts/interfaces/IEscrow.sol
FNF:0
FNH:0
LF:0
LH:0
BRF:0
BRH:0
end_of_record
TN:
SF:/workspaces/BimaGrid/contracts/contracts/interfaces/IOracle.sol
FNF:0
FNH:0
LF:0
LH:0
BRF:0
BRH:0
end_of_record
TN:
SF:/workspaces/BimaGrid/contracts/contracts/interfaces/IPolicy.sol
FNF:0
FNH:0
LF:0
LH:0
BRF:0
BRH:0
end_of_record
TN:
SF:/workspaces/BimaGrid/contracts/contracts/interfaces/IVerification.sol
FNF:0
FNH:0
LF:0
LH:0
BRF:0
BRH:0
end_of_record
TN:
SF:/workspaces/BimaGrid/contracts/contracts/libraries/ECDSA.sol
FN:5,recover
FN:31,toEthSignedMessageHash
FNF:2
FNH:2
FNDA:8,recover
FNDA:8,toEthSignedMessageHash
DA:6,8
DA:7,0
DA:10,8
DA:11,8
DA:12,8
DA:14,8
DA:20,8
DA:21,0
DA:24,8
DA:25,0
DA:28,8
DA:32,8
LF:12
LH:9
BRDA:6,1,0,0
BRDA:6,1,1,8
BRDA:20,2,0,0
BRDA:20,2,1,8
BRDA:24,3,0,0
BRDA:24,3,1,8
BRF:6
BRH:3
end_of_record
TN:
SF:/workspaces/BimaGrid/contracts/contracts/libraries/H3.sol
FN:13,isValidH3Index
FNF:1
FNH:1
FNDA:13,isValidH3Index
DA:14,13
DA:15,13
DA:19,13
DA:20,13
DA:23,13
DA:24,13
DA:26,13
LF:7
LH:7
BRDA:15,1,0,0
BRDA:15,1,1,13
BRDA:20,2,0,0
BRDA:20,2,1,13
BRDA:24,3,0,0
BRDA:24,3,1,13
BRF:6
BRH:3
end_of_record
TN:
SF:/workspaces/BimaGrid/contracts/contracts/libraries/Math.sol
FN:5,max
FN:9,min
FN:13,average
FNF:3
FNH:0
FNDA:0,max
FNDA:0,min
FNDA:0,average
DA:6,0
DA:10,0
DA:14,0
LF:3
LH:0
BRDA:6,1,0,0
BRDA:6,1,1,0
BRDA:10,2,0,0
BRDA:10,2,1,0
BRF:4
BRH:0
end_of_record
TN:
SF:/workspaces/BimaGrid/contracts/contracts/libraries/MerkleProof.sol
FN:5,verify
FN:13,processProof
FN:21,_hashPair
FN:25,_efficientHash
FNF:4
FNH:0
FNDA:0,verify
FNDA:0,processProof
FNDA:0,_hashPair
FNDA:0,_efficientHash
DA:10,0
DA:14,0
DA:15,0
DA:16,0
DA:18,0
DA:22,0
DA:26,0
LF:7
LH:0
BRDA:22,1,0,0
BRDA:22,1,1,0
BRF:2
BRH:0
end_of_record
TN:
SF:/workspaces/BimaGrid/contracts/contracts/mocks/MockOracle.sol
FN:9,constructor
FN:13,submitMockData
FNF:2
FNH:0
FNDA:0,constructor
FNDA:0,submitMockData
DA:10,0
DA:20,0
LF:2
LH:0
BRF:0
BRH:0
end_of_record
TN:
SF:/workspaces/BimaGrid/contracts/contracts/mocks/MockToken.sol
FN:7,constructor
FN:11,mint
FNF:2
FNH:0
FNDA:0,constructor
FNDA:0,mint
DA:8,0
DA:12,0
LF:2
LH:0
BRF:0
BRH:0
end_of_record
TN:
SF:/workspaces/BimaGrid/contracts/contracts/mocks/MockWeatherFeed.sol
FN:16,updateReport
FNF:1
FNH:0
FNDA:0,updateReport
DA:17,0
DA:22,0
LF:2
LH:0
BRF:0
BRH:0
end_of_record
TN:
SF:/workspaces/BimaGrid/contracts/contracts/tokens/BimaToken.sol
FN:10,constructor
FN:14,mint
FN:19,_afterTokenTransfer
FN:23,_mint
FN:27,_burn
FNF:5
FNH:0
FNDA:0,constructor
FNDA:0,mint
FNDA:0,_afterTokenTransfer
FNDA:0,_mint
FNDA:0,_burn
DA:11,0
DA:15,0
DA:20,0
DA:24,0
DA:28,0
LF:5
LH:0
BRDA:14,1,0,0
BRDA:14,1,1,0
BRF:2
BRH:0
end_of_record
TN:
SF:/workspaces/BimaGrid/contracts/contracts/tokens/PolicyNFT.sol
FN:12,constructor
FN:14,mintPolicyNFT
FNF:2
FNH:0
FNDA:0,constructor
FNDA:0,mintPolicyNFT
DA:15,0
DA:16,0
DA:17,0
DA:18,0
DA:20,0
DA:21,0
LF:6
LH:0
BRDA:14,1,0,0
BRDA:14,1,1,0
BRF:2
BRH:0
end_of_record
