{"contracts/core/EscrowVault.sol":{"l":{"20":1,"21":1,"25":5,"26":5,"30":5,"31":5,"32":5,"40":1,"41":1,"42":1,"44":1,"45":1,"47":1,"55":0,"56":0,"57":0,"59":0,"60":0,"62":0},"path":"/workspaces/BimaGrid/contracts/contracts/core/EscrowVault.sol","s":{"1":1,"2":5,"3":5,"4":5,"5":1,"6":1,"7":1,"8":1,"9":1,"10":1,"11":0,"12":0,"13":0,"14":0,"15":0,"16":0},"b":{"1":[1,0],"2":[0,1],"3":[5,0],"4":[5,0],"5":[1,0],"6":[1,0],"7":[1,0],"8":[1,0],"9":[1,0],"10":[1,0],"11":[0,0],"12":[0,0],"13":[0,0],"14":[0,0],"15":[0,0],"16":[0,0]},"f":{"1":1,"2":5,"3":5,"4":1,"5":0},"fnMap":{"1":{"name":"onlyAuthorized","line":19,"loc":{"start":{"line":19,"column":4},"end":{"line":22,"column":4}}},"2":{"name":"setAuthorizedCaller","line":24,"loc":{"start":{"line":24,"column":4},"end":{"line":27,"column":4}}},"3":{"name":"depositPremium","line":29,"loc":{"start":{"line":29,"column":4},"end":{"line":33,"column":4}}},"4":{"name":"payout","line":39,"loc":{"start":{"line":35,"column":4},"end":{"line":48,"column":4}}},"5":{"name":"refundPremium","line":54,"loc":{"start":{"line":50,"column":4},"end":{"line":63,"column":4}}}},"statementMap":{"1":{"start":{"line":20,"column":8},"end":{"line":20,"column":95}},"2":{"start":{"line":26,"column":8},"end":{"line":26,"column":49}},"3":{"start":{"line":30,"column":8},"end":{"line":30,"column":63}},"4":{"start":{"line":32,"column":8},"end":{"line":32,"column":50}},"5":{"start":{"line":40,"column":8},"end":{"line":40,"column":62}},"6":{"start":{"line":41,"column":8},"end":{"line":41,"column":60}},"7":{"start":{"line":42,"column":8},"end":{"line":42,"column":80}},"8":{"start":{"line":44,"column":8},"end":{"line":44,"column":57}},"9":{"start":{"line":45,"column":8},"end":{"line":45,"column":49}},"10":{"start":{"line":47,"column":8},"end":{"line":47,"column":53}},"11":{"start":{"line":55,"column":8},"end":{"line":55,"column":62}},"12":{"start":{"line":56,"column":8},"end":{"line":56,"column":60}},"13":{"start":{"line":57,"column":8},"end":{"line":57,"column":80}},"14":{"start":{"line":59,"column":8},"end":{"line":59,"column":57}},"15":{"start":{"line":60,"column":8},"end":{"line":60,"column":49}},"16":{"start":{"line":62,"column":8},"end":{"line":62,"column":53}}},"branchMap":{"1":{"line":20,"type":"if","locations":[{"start":{"line":20,"column":8},"end":{"line":20,"column":8}},{"start":{"line":20,"column":8},"end":{"line":20,"column":8}}]},"2":{"line":20,"type":"cond-expr","locations":[{"start":{"line":20,"column":16},"end":{"line":20,"column":36}},{"start":{"line":20,"column":41},"end":{"line":20,"column":69}}]},"3":{"line":24,"type":"if","locations":[{"start":{"line":24,"column":75},"end":{"line":24,"column":75}},{"start":{"line":24,"column":75},"end":{"line":24,"column":75}}]},"4":{"line":30,"type":"if","locations":[{"start":{"line":30,"column":8},"end":{"line":30,"column":8}},{"start":{"line":30,"column":8},"end":{"line":30,"column":8}}]},"5":{"line":39,"type":"if","locations":[{"start":{"line":39,"column":15},"end":{"line":39,"column":15}},{"start":{"line":39,"column":15},"end":{"line":39,"column":15}}]},"6":{"line":39,"type":"if","locations":[{"start":{"line":39,"column":30},"end":{"line":39,"column":30}},{"start":{"line":39,"column":30},"end":{"line":39,"column":30}}]},"7":{"line":40,"type":"if","locations":[{"start":{"line":40,"column":8},"end":{"line":40,"column":8}},{"start":{"line":40,"column":8},"end":{"line":40,"column":8}}]},"8":{"line":41,"type":"if","locations":[{"start":{"line":41,"column":8},"end":{"line":41,"column":8}},{"start":{"line":41,"column":8},"end":{"line":41,"column":8}}]},"9":{"line":42,"type":"if","locations":[{"start":{"line":42,"column":8},"end":{"line":42,"column":8}},{"start":{"line":42,"column":8},"end":{"line":42,"column":8}}]},"10":{"line":45,"type":"if","locations":[{"start":{"line":45,"column":8},"end":{"line":45,"column":8}},{"start":{"line":45,"column":8},"end":{"line":45,"column":8}}]},"11":{"line":54,"type":"if","locations":[{"start":{"line":54,"column":15},"end":{"line":54,"column":15}},{"start":{"line":54,"column":15},"end":{"line":54,"column":15}}]},"12":{"line":54,"type":"if","locations":[{"start":{"line":54,"column":30},"end":{"line":54,"column":30}},{"start":{"line":54,"column":30},"end":{"line":54,"column":30}}]},"13":{"line":55,"type":"if","locations":[{"start":{"line":55,"column":8},"end":{"line":55,"column":8}},{"start":{"line":55,"column":8},"end":{"line":55,"column":8}}]},"14":{"line":56,"type":"if","locations":[{"start":{"line":56,"column":8},"end":{"line":56,"column":8}},{"start":{"line":56,"column":8},"end":{"line":56,"column":8}}]},"15":{"line":57,"type":"if","locations":[{"start":{"line":57,"column":8},"end":{"line":57,"column":8}},{"start":{"line":57,"column":8},"end":{"line":57,"column":8}}]},"16":{"line":60,"type":"if","locations":[{"start":{"line":60,"column":8},"end":{"line":60,"column":8}},{"start":{"line":60,"column":8},"end":{"line":60,"column":8}}]}}},"contracts/core/KilimaShieldOracle.sol":{"l":{"38":5,"39":5,"40":5,"41":5,"45":15,"46":15,"47":15,"49":0,"51":15,"52":15,"63":5,"65":5,"68":5,"71":5,"73":5,"84":8,"87":8,"88":8,"89":8,"91":8,"92":7,"95":7,"100":7,"102":7,"105":7,"106":2,"107":2,"108":2,"109":2,"111":2,"112":2,"113":2,"115":2,"116":2,"118":2,"120":2,"125":2,"126":2,"127":2,"128":2,"138":2,"140":1,"143":1,"145":1,"151":4,"152":2,"154":2,"156":0},"path":"/workspaces/BimaGrid/contracts/contracts/core/KilimaShieldOracle.sol","s":{"1":5,"2":5,"3":15,"4":15,"5":0,"6":15,"7":5,"8":5,"9":5,"10":5,"11":5,"12":8,"13":8,"14":8,"15":8,"16":8,"17":7,"18":7,"19":7,"20":7,"21":2,"22":2,"23":2,"24":2,"25":2,"26":2,"27":2,"28":2,"29":2,"30":2,"31":2,"32":2,"33":2,"34":2,"35":2,"36":2,"37":1,"38":1,"39":1,"40":4,"41":2,"42":2,"43":2,"44":0},"b":{"1":[5,0],"2":[5,0],"3":[15,0],"4":[15,0],"5":[15,0],"6":[0,0],"7":[5,0],"8":[5,0],"9":[5,0],"10":[8,0],"11":[7,1],"12":[7,0],"13":[2,5],"14":[1,1],"15":[2,2],"16":[2,0],"17":[2,0],"18":[0,2]},"f":{"1":5,"2":15,"3":5,"4":8,"5":2,"6":4},"fnMap":{"1":{"name":"constructor","line":37,"loc":{"start":{"line":37,"column":4},"end":{"line":42,"column":4}}},"2":{"name":"setAuthorizedOracle","line":44,"loc":{"start":{"line":44,"column":4},"end":{"line":53,"column":4}}},"3":{"name":"registerPolicy","line":61,"loc":{"start":{"line":55,"column":4},"end":{"line":74,"column":4}}},"4":{"name":"submitData","line":76,"loc":{"start":{"line":76,"column":4},"end":{"line":122,"column":4}}},"5":{"name":"evaluatePolicies","line":124,"loc":{"start":{"line":124,"column":4},"end":{"line":148,"column":4}}},"6":{"name":"getMedian","line":150,"loc":{"start":{"line":150,"column":4},"end":{"line":158,"column":4}}}},"statementMap":{"1":{"start":{"line":38,"column":8},"end":{"line":38,"column":73}},"2":{"start":{"line":39,"column":8},"end":{"line":39,"column":68}},"3":{"start":{"line":45,"column":8},"end":{"line":45,"column":62}},"4":{"start":{"line":46,"column":8},"end":{"line":46,"column":1885}},"5":{"start":{"line":48,"column":15},"end":{"line":48,"column":1976}},"6":{"start":{"line":52,"column":8},"end":{"line":52,"column":49}},"7":{"start":{"line":63,"column":8},"end":{"line":63,"column":70}},"8":{"start":{"line":65,"column":8},"end":{"line":65,"column":57}},"9":{"start":{"line":68,"column":8},"end":{"line":68,"column":88}},"10":{"start":{"line":71,"column":8},"end":{"line":71,"column":61}},"11":{"start":{"line":73,"column":8},"end":{"line":73,"column":56}},"12":{"start":{"line":84,"column":8},"end":{"line":84,"column":70}},"13":{"start":{"line":87,"column":8},"end":{"line":87,"column":93}},"14":{"start":{"line":88,"column":8},"end":{"line":88,"column":80}},"15":{"start":{"line":89,"column":8},"end":{"line":89,"column":71}},"16":{"start":{"line":91,"column":8},"end":{"line":91,"column":75}},"17":{"start":{"line":92,"column":8},"end":{"line":92,"column":107}},"18":{"start":{"line":100,"column":8},"end":{"line":100,"column":50}},"19":{"start":{"line":102,"column":8},"end":{"line":102,"column":54}},"20":{"start":{"line":105,"column":8},"end":{"line":105,"column":4072}},"21":{"start":{"line":106,"column":12},"end":{"line":106,"column":69}},"22":{"start":{"line":107,"column":12},"end":{"line":107,"column":77}},"23":{"start":{"line":108,"column":12},"end":{"line":108,"column":77}},"24":{"start":{"line":109,"column":12},"end":{"line":109,"column":77}},"25":{"start":{"line":111,"column":12},"end":{"line":111,"column":73}},"26":{"start":{"line":112,"column":12},"end":{"line":112,"column":73}},"27":{"start":{"line":113,"column":12},"end":{"line":113,"column":73}},"28":{"start":{"line":115,"column":12},"end":{"line":115,"column":58}},"29":{"start":{"line":116,"column":12},"end":{"line":116,"column":54}},"30":{"start":{"line":118,"column":12},"end":{"line":118,"column":81}},"31":{"start":{"line":120,"column":12},"end":{"line":120,"column":52}},"32":{"start":{"line":125,"column":8},"end":{"line":125,"column":76}},"33":{"start":{"line":126,"column":8},"end":{"line":126,"column":5110}},"34":{"start":{"line":127,"column":12},"end":{"line":127,"column":43}},"35":{"start":{"line":128,"column":12},"end":{"line":128,"column":5258}},"36":{"start":{"line":138,"column":12},"end":{"line":138,"column":5488}},"37":{"start":{"line":140,"column":16},"end":{"line":140,"column":51}},"38":{"start":{"line":143,"column":16},"end":{"line":143,"column":74}},"39":{"start":{"line":145,"column":16},"end":{"line":145,"column":68}},"40":{"start":{"line":151,"column":8},"end":{"line":151,"column":5985}},"41":{"start":{"line":152,"column":12},"end":{"line":152,"column":20}},"42":{"start":{"line":153,"column":15},"end":{"line":153,"column":6070}},"43":{"start":{"line":154,"column":12},"end":{"line":154,"column":20}},"44":{"start":{"line":156,"column":12},"end":{"line":156,"column":20}}},"branchMap":{"1":{"line":38,"type":"if","locations":[{"start":{"line":38,"column":8},"end":{"line":38,"column":8}},{"start":{"line":38,"column":8},"end":{"line":38,"column":8}}]},"2":{"line":39,"type":"if","locations":[{"start":{"line":39,"column":8},"end":{"line":39,"column":8}},{"start":{"line":39,"column":8},"end":{"line":39,"column":8}}]},"3":{"line":44,"type":"if","locations":[{"start":{"line":44,"column":75},"end":{"line":44,"column":75}},{"start":{"line":44,"column":75},"end":{"line":44,"column":75}}]},"4":{"line":45,"type":"if","locations":[{"start":{"line":45,"column":8},"end":{"line":45,"column":8}},{"start":{"line":45,"column":8},"end":{"line":45,"column":8}}]},"5":{"line":46,"type":"if","locations":[{"start":{"line":46,"column":8},"end":{"line":46,"column":8}},{"start":{"line":46,"column":8},"end":{"line":46,"column":8}}]},"6":{"line":48,"type":"if","locations":[{"start":{"line":48,"column":15},"end":{"line":48,"column":15}},{"start":{"line":48,"column":15},"end":{"line":48,"column":15}}]},"7":{"line":61,"type":"if","locations":[{"start":{"line":61,"column":23},"end":{"line":61,"column":23}},{"start":{"line":61,"column":23},"end":{"line":61,"column":23}}]},"8":{"line":63,"type":"if","locations":[{"start":{"line":63,"column":8},"end":{"line":63,"column":8}},{"start":{"line":63,"column":8},"end":{"line":63,"column":8}}]},"9":{"line":65,"type":"if","locations":[{"start":{"line":65,"column":8},"end":{"line":65,"column":8}},{"start":{"line":65,"column":8},"end":{"line":65,"column":8}}]},"10":{"line":84,"type":"if","locations":[{"start":{"line":84,"column":8},"end":{"line":84,"column":8}},{"start":{"line":84,"column":8},"end":{"line":84,"column":8}}]},"11":{"line":91,"type":"if","locations":[{"start":{"line":91,"column":8},"end":{"line":91,"column":8}},{"start":{"line":91,"column":8},"end":{"line":91,"column":8}}]},"12":{"line":92,"type":"if","locations":[{"start":{"line":92,"column":8},"end":{"line":92,"column":8}},{"start":{"line":92,"column":8},"end":{"line":92,"column":8}}]},"13":{"line":105,"type":"if","locations":[{"start":{"line":105,"column":8},"end":{"line":105,"column":8}},{"start":{"line":105,"column":8},"end":{"line":105,"column":8}}]},"14":{"line":138,"type":"if","locations":[{"start":{"line":138,"column":12},"end":{"line":138,"column":12}},{"start":{"line":138,"column":12},"end":{"line":138,"column":12}}]},"15":{"line":151,"type":"if","locations":[{"start":{"line":151,"column":8},"end":{"line":151,"column":8}},{"start":{"line":151,"column":8},"end":{"line":151,"column":8}}]},"16":{"line":151,"type":"cond-expr","locations":[{"start":{"line":151,"column":12},"end":{"line":151,"column":29}},{"start":{"line":151,"column":34},"end":{"line":151,"column":51}}]},"17":{"line":153,"type":"if","locations":[{"start":{"line":153,"column":15},"end":{"line":153,"column":15}},{"start":{"line":153,"column":15},"end":{"line":153,"column":15}}]},"18":{"line":153,"type":"cond-expr","locations":[{"start":{"line":153,"column":19},"end":{"line":153,"column":36}},{"start":{"line":153,"column":41},"end":{"line":153,"column":58}}]}}},"contracts/core/MitigationVerifier.sol":{"l":{"18":5,"19":5,"20":5,"24":0,"25":0,"26":0,"30":0,"31":0,"35":0,"39":0,"40":0,"41":0,"42":0,"44":0,"45":0,"47":0},"path":"/workspaces/BimaGrid/contracts/contracts/core/MitigationVerifier.sol","s":{"1":0,"2":0,"3":0,"4":0,"5":0,"6":0,"7":0,"8":0,"9":0,"10":0},"b":{"1":[0,0],"2":[0,0],"3":[0,0],"4":[0,0]},"f":{"1":5,"2":0,"3":0,"4":0,"5":0},"fnMap":{"1":{"name":"constructor","line":16,"loc":{"start":{"line":16,"column":4},"end":{"line":21,"column":4}}},"2":{"name":"setMitigationDiscount","line":23,"loc":{"start":{"line":23,"column":4},"end":{"line":27,"column":4}}},"3":{"name":"verifyMitigation","line":29,"loc":{"start":{"line":29,"column":4},"end":{"line":32,"column":4}}},"4":{"name":"getPolicyMitigations","line":34,"loc":{"start":{"line":34,"column":4},"end":{"line":36,"column":4}}},"5":{"name":"calculateDiscount","line":38,"loc":{"start":{"line":38,"column":4},"end":{"line":48,"column":4}}}},"statementMap":{"1":{"start":{"line":24,"column":8},"end":{"line":24,"column":71}},"2":{"start":{"line":26,"column":8},"end":{"line":26,"column":61}},"3":{"start":{"line":30,"column":8},"end":{"line":30,"column":56}},"4":{"start":{"line":31,"column":8},"end":{"line":31,"column":57}},"5":{"start":{"line":35,"column":8},"end":{"line":35,"column":43}},"6":{"start":{"line":39,"column":8},"end":{"line":39,"column":66}},"7":{"start":{"line":40,"column":8},"end":{"line":40,"column":33}},"8":{"start":{"line":41,"column":8},"end":{"line":41,"column":1748}},"9":{"start":{"line":44,"column":8},"end":{"line":44,"column":1883}},"10":{"start":{"line":47,"column":8},"end":{"line":47,"column":28}}},"branchMap":{"1":{"line":23,"type":"if","locations":[{"start":{"line":23,"column":101},"end":{"line":23,"column":101}},{"start":{"line":23,"column":101},"end":{"line":23,"column":101}}]},"2":{"line":24,"type":"if","locations":[{"start":{"line":24,"column":8},"end":{"line":24,"column":8}},{"start":{"line":24,"column":8},"end":{"line":24,"column":8}}]},"3":{"line":29,"type":"if","locations":[{"start":{"line":29,"column":89},"end":{"line":29,"column":89}},{"start":{"line":29,"column":89},"end":{"line":29,"column":89}}]},"4":{"line":44,"type":"if","locations":[{"start":{"line":44,"column":8},"end":{"line":44,"column":8}},{"start":{"line":44,"column":8},"end":{"line":44,"column":8}}]}}},"contracts/core/PolicyRegistry.sol":{"l":{"32":6,"33":6,"37":5,"38":5,"48":5,"49":5,"50":5,"52":5,"62":5,"64":5,"68":0,"69":0,"70":0,"74":1,"75":1,"76":1,"78":1,"79":1,"81":1,"93":2,"94":2,"98":2},"path":"/workspaces/BimaGrid/contracts/contracts/core/PolicyRegistry.sol","s":{"1":6,"2":5,"3":5,"4":5,"5":5,"6":5,"7":5,"8":0,"9":0,"10":1,"11":1,"12":1,"13":1,"14":2,"15":2,"16":2},"b":{"1":[6,0],"2":[0,6],"3":[5,0],"4":[5,0],"5":[5,0],"6":[5,0],"7":[5,0],"8":[0,0],"9":[0,0],"10":[1,0],"11":[1,0],"12":[1,0],"13":[1,0]},"f":{"1":6,"2":5,"3":5,"4":0,"5":1,"6":2,"7":2},"fnMap":{"1":{"name":"onlyAuthorized","line":31,"loc":{"start":{"line":31,"column":4},"end":{"line":34,"column":4}}},"2":{"name":"setAuthorizedCaller","line":36,"loc":{"start":{"line":36,"column":4},"end":{"line":39,"column":4}}},"3":{"name":"registerPolicy","line":47,"loc":{"start":{"line":41,"column":4},"end":{"line":65,"column":4}}},"4":{"name":"deactivatePolicy","line":67,"loc":{"start":{"line":67,"column":4},"end":{"line":71,"column":4}}},"5":{"name":"markPaidOut","line":73,"loc":{"start":{"line":73,"column":4},"end":{"line":82,"column":4}}},"6":{"name":"getPolicy","line":84,"loc":{"start":{"line":84,"column":4},"end":{"line":95,"column":4}}},"7":{"name":"getPoliciesByH3","line":97,"loc":{"start":{"line":97,"column":4},"end":{"line":99,"column":4}}}},"statementMap":{"1":{"start":{"line":32,"column":8},"end":{"line":32,"column":95}},"2":{"start":{"line":38,"column":8},"end":{"line":38,"column":49}},"3":{"start":{"line":48,"column":8},"end":{"line":48,"column":80}},"4":{"start":{"line":49,"column":8},"end":{"line":49,"column":62}},"5":{"start":{"line":50,"column":8},"end":{"line":50,"column":66}},"6":{"start":{"line":62,"column":8},"end":{"line":62,"column":42}},"7":{"start":{"line":64,"column":8},"end":{"line":64,"column":56}},"8":{"start":{"line":68,"column":8},"end":{"line":68,"column":80}},"9":{"start":{"line":70,"column":8},"end":{"line":70,"column":40}},"10":{"start":{"line":74,"column":8},"end":{"line":74,"column":80}},"11":{"start":{"line":75,"column":8},"end":{"line":75,"column":67}},"12":{"start":{"line":76,"column":8},"end":{"line":76,"column":70}},"13":{"start":{"line":81,"column":8},"end":{"line":81,"column":36}},"14":{"start":{"line":93,"column":8},"end":{"line":93,"column":44}},"15":{"start":{"line":94,"column":8},"end":{"line":94,"column":94}},"16":{"start":{"line":98,"column":8},"end":{"line":98,"column":35}}},"branchMap":{"1":{"line":32,"type":"if","locations":[{"start":{"line":32,"column":8},"end":{"line":32,"column":8}},{"start":{"line":32,"column":8},"end":{"line":32,"column":8}}]},"2":{"line":32,"type":"cond-expr","locations":[{"start":{"line":32,"column":16},"end":{"line":32,"column":36}},{"start":{"line":32,"column":41},"end":{"line":32,"column":69}}]},"3":{"line":36,"type":"if","locations":[{"start":{"line":36,"column":75},"end":{"line":36,"column":75}},{"start":{"line":36,"column":75},"end":{"line":36,"column":75}}]},"4":{"line":47,"type":"if","locations":[{"start":{"line":47,"column":15},"end":{"line":47,"column":15}},{"start":{"line":47,"column":15},"end":{"line":47,"column":15}}]},"5":{"line":48,"type":"if","locations":[{"start":{"line":48,"column":8},"end":{"line":48,"column":8}},{"start":{"line":48,"column":8},"end":{"line":48,"column":8}}]},"6":{"line":49,"type":"if","locations":[{"start":{"line":49,"column":8},"end":{"line":49,"column":8}},{"start":{"line":49,"column":8},"end":{"line":49,"column":8}}]},"7":{"line":50,"type":"if","locations":[{"start":{"line":50,"column":8},"end":{"line":50,"column":8}},{"start":{"line":50,"column":8},"end":{"line":50,"column":8}}]},"8":{"line":67,"type":"if","locations":[{"start":{"line":67,"column":57},"end":{"line":67,"column":57}},{"start":{"line":67,"column":57},"end":{"line":67,"column":57}}]},"9":{"line":68,"type":"if","locations":[{"start":{"line":68,"column":8},"end":{"line":68,"column":8}},{"start":{"line":68,"column":8},"end":{"line":68,"column":8}}]},"10":{"line":73,"type":"if","locations":[{"start":{"line":73,"column":52},"end":{"line":73,"column":52}},{"start":{"line":73,"column":52},"end":{"line":73,"column":52}}]},"11":{"line":74,"type":"if","locations":[{"start":{"line":74,"column":8},"end":{"line":74,"column":8}},{"start":{"line":74,"column":8},"end":{"line":74,"column":8}}]},"12":{"line":75,"type":"if","locations":[{"start":{"line":75,"column":8},"end":{"line":75,"column":8}},{"start":{"line":75,"column":8},"end":{"line":75,"column":8}}]},"13":{"line":76,"type":"if","locations":[{"start":{"line":76,"column":8},"end":{"line":76,"column":8}},{"start":{"line":76,"column":8},"end":{"line":76,"column":8}}]}}},"contracts/interfaces/IEscrow.sol":{"l":{},"path":"/workspaces/BimaGrid/contracts/contracts/interfaces/IEscrow.sol","s":{},"b":{},"f":{},"fnMap":{},"statementMap":{},"branchMap":{}},"contracts/interfaces/IOracle.sol":{"l":{},"path":"/workspaces/BimaGrid/contracts/contracts/interfaces/IOracle.sol","s":{},"b":{},"f":{},"fnMap":{},"statementMap":{},"branchMap":{}},"contracts/interfaces/IPolicy.sol":{"l":{},"path":"/workspaces/BimaGrid/contracts/contracts/interfaces/IPolicy.sol","s":{},"b":{},"f":{},"fnMap":{},"statementMap":{},"branchMap":{}},"contracts/interfaces/IVerification.sol":{"l":{},"path":"/workspaces/BimaGrid/contracts/contracts/interfaces/IVerification.sol","s":{},"b":{},"f":{},"fnMap":{},"statementMap":{},"branchMap":{}},"contracts/libraries/ECDSA.sol":{"l":{"6":8,"7":0,"10":8,"11":8,"12":8,"14":8,"20":8,"21":0,"24":8,"25":0,"28":8,"32":8},"path":"/workspaces/BimaGrid/contracts/contracts/libraries/ECDSA.sol","s":{"1":8,"2":0,"3":8,"4":8,"5":8,"6":8,"7":8,"8":0,"9":8,"10":8},"b":{"1":[0,8],"2":[0,8],"3":[0,8]},"f":{"1":8,"2":8},"fnMap":{"1":{"name":"recover","line":5,"loc":{"start":{"line":5,"column":4},"end":{"line":29,"column":4}}},"2":{"name":"toEthSignedMessageHash","line":31,"loc":{"start":{"line":31,"column":4},"end":{"line":33,"column":4}}}},"statementMap":{"1":{"start":{"line":6,"column":8},"end":{"line":6,"column":191}},"2":{"start":{"line":7,"column":12},"end":{"line":7,"column":29}},"3":{"start":{"line":10,"column":8},"end":{"line":10,"column":17}},"4":{"start":{"line":11,"column":8},"end":{"line":11,"column":17}},"5":{"start":{"line":12,"column":8},"end":{"line":12,"column":15}},"6":{"start":{"line":20,"column":8},"end":{"line":20,"column":495}},"7":{"start":{"line":24,"column":8},"end":{"line":24,"column":549}},"8":{"start":{"line":25,"column":12},"end":{"line":25,"column":29}},"9":{"start":{"line":28,"column":8},"end":{"line":28,"column":39}},"10":{"start":{"line":32,"column":8},"end":{"line":32,"column":84}}},"branchMap":{"1":{"line":6,"type":"if","locations":[{"start":{"line":6,"column":8},"end":{"line":6,"column":8}},{"start":{"line":6,"column":8},"end":{"line":6,"column":8}}]},"2":{"line":20,"type":"if","locations":[{"start":{"line":20,"column":8},"end":{"line":20,"column":8}},{"start":{"line":20,"column":8},"end":{"line":20,"column":8}}]},"3":{"line":24,"type":"if","locations":[{"start":{"line":24,"column":8},"end":{"line":24,"column":8}},{"start":{"line":24,"column":8},"end":{"line":24,"column":8}}]}}},"contracts/libraries/H3.sol":{"l":{"14":13,"15":13,"19":13,"20":13,"23":13,"24":13,"26":13},"path":"/workspaces/BimaGrid/contracts/contracts/libraries/H3.sol","s":{"1":13,"2":13,"3":0,"4":13,"5":13,"6":0,"7":13,"8":13,"9":0,"10":13},"b":{"1":[0,13],"2":[0,13],"3":[0,13]},"f":{"1":13},"fnMap":{"1":{"name":"isValidH3Index","line":13,"loc":{"start":{"line":13,"column":4},"end":{"line":27,"column":4}}}},"statementMap":{"1":{"start":{"line":14,"column":8},"end":{"line":14,"column":40}},"2":{"start":{"line":15,"column":8},"end":{"line":15,"column":36}},"3":{"start":{"line":15,"column":24},"end":{"line":15,"column":36}},"4":{"start":{"line":19,"column":8},"end":{"line":19,"column":51}},"5":{"start":{"line":20,"column":8},"end":{"line":20,"column":35}},"6":{"start":{"line":20,"column":23},"end":{"line":20,"column":35}},"7":{"start":{"line":23,"column":8},"end":{"line":23,"column":63}},"8":{"start":{"line":24,"column":8},"end":{"line":24,"column":41}},"9":{"start":{"line":24,"column":29},"end":{"line":24,"column":41}},"10":{"start":{"line":26,"column":8},"end":{"line":26,"column":19}}},"branchMap":{"1":{"line":15,"type":"if","locations":[{"start":{"line":15,"column":8},"end":{"line":15,"column":8}},{"start":{"line":15,"column":8},"end":{"line":15,"column":8}}]},"2":{"line":20,"type":"if","locations":[{"start":{"line":20,"column":8},"end":{"line":20,"column":8}},{"start":{"line":20,"column":8},"end":{"line":20,"column":8}}]},"3":{"line":24,"type":"if","locations":[{"start":{"line":24,"column":8},"end":{"line":24,"column":8}},{"start":{"line":24,"column":8},"end":{"line":24,"column":8}}]}}},"contracts/libraries/Math.sol":{"l":{"6":0,"10":0,"14":0},"path":"/workspaces/BimaGrid/contracts/contracts/libraries/Math.sol","s":{"1":0,"2":0,"3":0},"b":{"1":[0,0],"2":[0,0]},"f":{"1":0,"2":0,"3":0},"fnMap":{"1":{"name":"max","line":5,"loc":{"start":{"line":5,"column":4},"end":{"line":7,"column":4}}},"2":{"name":"min","line":9,"loc":{"start":{"line":9,"column":4},"end":{"line":11,"column":4}}},"3":{"name":"average","line":13,"loc":{"start":{"line":13,"column":4},"end":{"line":15,"column":4}}}},"statementMap":{"1":{"start":{"line":6,"column":8},"end":{"line":6,"column":29}},"2":{"start":{"line":10,"column":8},"end":{"line":10,"column":28}},"3":{"start":{"line":14,"column":8},"end":{"line":14,"column":36}}},"branchMap":{"1":{"line":6,"type":"if","locations":[{"start":{"line":6,"column":24},"end":{"line":6,"column":24}},{"start":{"line":6,"column":28},"end":{"line":6,"column":28}}]},"2":{"line":10,"type":"if","locations":[{"start":{"line":10,"column":23},"end":{"line":10,"column":23}},{"start":{"line":10,"column":27},"end":{"line":10,"column":27}}]}}},"contracts/libraries/MerkleProof.sol":{"l":{"10":0,"14":0,"15":0,"16":0,"18":0,"22":0,"26":0},"path":"/workspaces/BimaGrid/contracts/contracts/libraries/MerkleProof.sol","s":{"1":0,"2":0,"3":0,"4":0,"5":0},"b":{"1":[0,0]},"f":{"1":0,"2":0,"3":0,"4":0},"fnMap":{"1":{"name":"verify","line":5,"loc":{"start":{"line":5,"column":4},"end":{"line":11,"column":4}}},"2":{"name":"processProof","line":13,"loc":{"start":{"line":13,"column":4},"end":{"line":19,"column":4}}},"3":{"name":"_hashPair","line":21,"loc":{"start":{"line":21,"column":4},"end":{"line":23,"column":4}}},"4":{"name":"_efficientHash","line":25,"loc":{"start":{"line":25,"column":4},"end":{"line":31,"column":4}}}},"statementMap":{"1":{"start":{"line":10,"column":8},"end":{"line":10,"column":48}},"2":{"start":{"line":14,"column":8},"end":{"line":14,"column":35}},"3":{"start":{"line":15,"column":8},"end":{"line":15,"column":429}},"4":{"start":{"line":18,"column":8},"end":{"line":18,"column":27}},"5":{"start":{"line":22,"column":8},"end":{"line":22,"column":66}}},"branchMap":{"1":{"line":22,"type":"if","locations":[{"start":{"line":22,"column":23},"end":{"line":22,"column":42}},{"start":{"line":22,"column":46},"end":{"line":22,"column":65}}]}}},"contracts/mocks/MockOracle.sol":{"l":{"10":0,"20":0},"path":"/workspaces/BimaGrid/contracts/contracts/mocks/MockOracle.sol","s":{"1":0},"b":{},"f":{"1":0,"2":0},"fnMap":{"1":{"name":"constructor","line":9,"loc":{"start":{"line":9,"column":4},"end":{"line":11,"column":4}}},"2":{"name":"submitMockData","line":13,"loc":{"start":{"line":13,"column":4},"end":{"line":21,"column":4}}}},"statementMap":{"1":{"start":{"line":20,"column":8},"end":{"line":20,"column":71}}},"branchMap":{}},"contracts/mocks/MockToken.sol":{"l":{"8":0,"12":0},"path":"/workspaces/BimaGrid/contracts/contracts/mocks/MockToken.sol","s":{"1":0,"2":0},"b":{},"f":{"1":0,"2":0},"fnMap":{"1":{"name":"constructor","line":7,"loc":{"start":{"line":7,"column":4},"end":{"line":9,"column":4}}},"2":{"name":"mint","line":11,"loc":{"start":{"line":11,"column":4},"end":{"line":13,"column":4}}}},"statementMap":{"1":{"start":{"line":8,"column":8},"end":{"line":8,"column":39}},"2":{"start":{"line":12,"column":8},"end":{"line":12,"column":24}}},"branchMap":{}},"contracts/mocks/MockWeatherFeed.sol":{"l":{"17":0,"22":0},"path":"/workspaces/BimaGrid/contracts/contracts/mocks/MockWeatherFeed.sol","s":{"1":0},"b":{},"f":{"1":0},"fnMap":{"1":{"name":"updateReport","line":16,"loc":{"start":{"line":16,"column":4},"end":{"line":23,"column":4}}}},"statementMap":{"1":{"start":{"line":22,"column":8},"end":{"line":22,"column":68}}},"branchMap":{}},"contracts/tokens/BimaToken.sol":{"l":{"11":0,"15":0,"20":0,"24":0,"28":0},"path":"/workspaces/BimaGrid/contracts/contracts/tokens/BimaToken.sol","s":{"1":0,"2":0,"3":0,"4":0,"5":0},"b":{"1":[0,0]},"f":{"1":0,"2":0,"3":0,"4":0,"5":0},"fnMap":{"1":{"name":"constructor","line":10,"loc":{"start":{"line":10,"column":4},"end":{"line":12,"column":4}}},"2":{"name":"mint","line":14,"loc":{"start":{"line":14,"column":4},"end":{"line":16,"column":4}}},"3":{"name":"_afterTokenTransfer","line":19,"loc":{"start":{"line":19,"column":4},"end":{"line":21,"column":4}}},"4":{"name":"_mint","line":23,"loc":{"start":{"line":23,"column":4},"end":{"line":25,"column":4}}},"5":{"name":"_burn","line":27,"loc":{"start":{"line":27,"column":4},"end":{"line":29,"column":4}}}},"statementMap":{"1":{"start":{"line":11,"column":8},"end":{"line":11,"column":39}},"2":{"start":{"line":15,"column":8},"end":{"line":15,"column":24}},"3":{"start":{"line":20,"column":8},"end":{"line":20,"column":50}},"4":{"start":{"line":24,"column":8},"end":{"line":24,"column":30}},"5":{"start":{"line":28,"column":8},"end":{"line":28,"column":35}}},"branchMap":{"1":{"line":14,"type":"if","locations":[{"start":{"line":14,"column":55},"end":{"line":14,"column":55}},{"start":{"line":14,"column":55},"end":{"line":14,"column":55}}]}}},"contracts/tokens/PolicyNFT.sol":{"l":{"15":0,"16":0,"17":0,"18":0,"20":0,"21":0},"path":"/workspaces/BimaGrid/contracts/contracts/tokens/PolicyNFT.sol","s":{"1":0,"2":0,"3":0,"4":0,"5":0},"b":{"1":[0,0]},"f":{"1":0,"2":0},"fnMap":{"1":{"name":"constructor","line":12,"loc":{"start":{"line":12,"column":4},"end":{"line":12,"column":60}}},"2":{"name":"mintPolicyNFT","line":14,"loc":{"start":{"line":14,"column":4},"end":{"line":22,"column":4}}}},"statementMap":{"1":{"start":{"line":16,"column":8},"end":{"line":16,"column":37}},"2":{"start":{"line":17,"column":8},"end":{"line":17,"column":31}},"3":{"start":{"line":18,"column":8},"end":{"line":18,"column":40}},"4":{"start":{"line":20,"column":8},"end":{"line":20,"column":57}},"5":{"start":{"line":21,"column":8},"end":{"line":21,"column":24}}},"branchMap":{"1":{"line":14,"type":"if","locations":[{"start":{"line":14,"column":76},"end":{"line":14,"column":76}},{"start":{"line":14,"column":76},"end":{"line":14,"column":76}}]}}}}